<?xml version="1.0" encoding="UTF-8"?>
<!-- Generated by org.testng.reporters.JUnitReportReporter -->
<testsuite hostname="AZ-HYD-LPT-06" failures="0" tests="1" name="TestCases_Login.loginPage" time="15.802" errors="0" timestamp="2024-03-28T11:46:39 IST" skipped="0">
  <testcase classname="TestCases_Login.loginPage" name="login" time="15.802"/>
  <system-out/>
</testsuite> <!-- TestCases_Login.loginPage -->
