<?xml version="1.0" encoding="UTF-8"?>
<!-- Generated by org.testng.reporters.JUnitReportReporter -->
<testsuite hostname="AN-HYD-LPT-141" failures="0" tests="1" name="TestCases_Login.loginPage" time="15.671" errors="0" timestamp="2024-03-18T11:33:58 IST" skipped="0">
  <testcase classname="TestCases_Login.loginPage" name="login" time="15.671"/>
  <system-out/>
</testsuite> <!-- TestCases_Login.loginPage -->
